<?xml version="1.0" encoding="UTF-8"?>
<!-- Generated by org.testng.reporters.JUnitReportReporter -->
<testsuite hostname="DESKTOP-51JTP5G" failures="0" tests="1" name="userTests.CertificateTest" time="44.070" errors="0" timestamp="2021-09-14T17:14:23 IST" skipped="0">
  <testcase classname="userTests.CertificateTest" name="certificateDownload" time="44.070"/>
  <system-out/>
</testsuite> <!-- userTests.CertificateTest -->
