<?xml version="1.0" encoding="UTF-8"?>
<!-- Generated by org.testng.reporters.JUnitReportReporter -->
<testsuite hostname="DESKTOP-51JTP5G" failures="0" tests="1" name="userTests.BadgeAndFeedbackTest" time="43.676" errors="0" timestamp="2021-09-14T18:02:57 IST" skipped="0">
  <testcase classname="userTests.BadgeAndFeedbackTest" name="badgeAndFeedback" time="43.676"/>
  <system-out/>
</testsuite> <!-- userTests.BadgeAndFeedbackTest -->
