<?xml version="1.0" encoding="UTF-8"?>
<!-- Generated by org.testng.reporters.JUnitReportReporter -->
<testsuite hostname="DESKTOP-51JTP5G" failures="0" tests="1" name="Dummy" time="42.893" errors="0" timestamp="2021-09-14T11:15:03 IST" skipped="0">
  <testcase classname="Dummy" name="clickAllModules" time="42.893"/>
  <system-out/>
</testsuite> <!-- Dummy -->
