<?xml version="1.0" encoding="UTF-8"?>
<!-- Generated by org.testng.reporters.JUnitReportReporter -->
<testsuite hostname="DESKTOP-51JTP5G" failures="0" tests="1" name="userTests.UserLoginTest" time="41.087" errors="0" timestamp="2021-09-13T18:17:06 IST" skipped="0">
  <testcase classname="userTests.UserLoginTest" name="loginTest" time="41.087"/>
  <system-out/>
</testsuite> <!-- userTests.UserLoginTest -->
