<?xml version="1.0" encoding="UTF-8"?>
<!-- Generated by org.testng.reporters.JUnitReportReporter -->
<testsuite hostname="DESKTOP-51JTP5G" failures="0" tests="1" name="adminTests.CreateCourseTest" time="67.631" errors="0" timestamp="2021-09-13T18:17:06 IST" skipped="0">
  <testcase classname="adminTests.CreateCourseTest" name="createCourse" time="67.631"/>
  <system-out/>
</testsuite> <!-- adminTests.CreateCourseTest -->
