<?xml version="1.0" encoding="UTF-8"?>
<!-- Generated by org.testng.reporters.JUnitReportReporter -->
<testsuite hostname="DESKTOP-51JTP5G" failures="0" tests="1" name="userTests.UserUpdateTest" time="44.021" errors="0" timestamp="2021-09-13T18:17:06 IST" skipped="0">
  <testcase classname="userTests.UserUpdateTest" name="userUpdate" time="44.021"/>
  <system-out/>
</testsuite> <!-- userTests.UserUpdateTest -->
